2021-02-15 14:31:01,187 [1] INFO EnergyMonitoringService.Worker - Worker running at: 02/15/2021 14:31:01 +01:00
2021-02-15 14:34:15,044 [1] INFO EnergyMonitoringService.Worker - Worker running at: 02/15/2021 14:34:15 +01:00
2021-02-15 14:34:16,575 [1] INFO EnergyMonitoringService.Worker - RecordInterval=EnergyMonitoringService.Models.Config Minuten;
2021-02-15 14:34:16,969 [1] INFO Microsoft.Hosting.Lifetime - Application started. Press Ctrl+C to shut down.
2021-02-15 14:34:16,973 [1] INFO Microsoft.Hosting.Lifetime - Hosting environment: Production
2021-02-15 14:34:16,975 [1] INFO Microsoft.Hosting.Lifetime - Content root path: C:\Users\thalerm\Source\Repos\nickmax85\EnergyMonitoring\EnergyMonitoringService
2021-02-15 14:34:17,185 [6] INFO EnergyMonitoringService.Worker - WEBIO-087F68
2021-02-15 14:34:17,188 [6] INFO EnergyMonitoringService.Worker - 
Equipment: number=2342344; name=Montagelinie; 
Device: ip=10.187.136.29; name=WEBIO-087F68; 
Sensor: id=2; 
Unit: name=Flow; sign=l/min; Input: 815; 

2021-02-15 14:34:17,468 [7] INFO EnergyMonitoringService.Worker - 
Equipment: number=2342344; name=Montagelinie; 
Device: ip=10.187.136.29; name=WEBIO-087F68; 
Sensor: id=3; 
Unit: name=Pressure; sign=bar; Input: 6,6; 

2021-02-15 14:34:17,552 [5] INFO EnergyMonitoringService.Worker - WEBIO-087F6B
2021-02-15 14:34:17,555 [5] INFO EnergyMonitoringService.Worker - 
Equipment: number=512868; name=EOL; 
Device: ip=10.187.136.28; name=WEBIO-087F6B; 
Sensor: id=4; 
Unit: name=Pressure; sign=bar; Input: 6,6; 

2021-02-15 14:34:17,564 [9] INFO EnergyMonitoringService.Worker - 
Equipment: number=512868; name=EOL; 
Device: ip=10.187.136.28; name=WEBIO-087F6B; 
Sensor: id=5; 
Unit: name=Flow; sign=l/min; Input: 55,2; 

2021-02-15 14:34:17,643 [6] INFO EnergyMonitoringService.Worker - WUT0276
2021-02-15 14:34:17,645 [6] INFO EnergyMonitoringService.Worker - 
Equipment: number=510239; name=CNC Aussenrundschleifmaschine GST 9; 
Device: ip=10.187.136.15; name=WUT0276; 
Sensor: id=6; 
Unit: name=Pressure; sign=bar; Input: 6,7; 

2021-02-15 14:34:17,656 [7] INFO EnergyMonitoringService.Worker - 
Equipment: number=510239; name=CNC Aussenrundschleifmaschine GST 9; 
Device: ip=10.187.136.15; name=WUT0276; 
Sensor: id=7; 
Unit: name=Flow; sign=l/min; Input: 3,1; 

